<?xml version="1.0" encoding="UTF-8"?>
<coverage generated="1784547458909" clover="3.2.0">
  <project timestamp="1784547458909" name="All files">
    <metrics statements="78" coveredstatements="74" conditionals="49" coveredconditionals="34" methods="22" coveredmethods="22" elements="149" coveredelements="130" complexity="0" loc="78" ncloc="78" packages="1" files="1" classes="1"/>
    <file name="impactReportGenerator.ts" path="/home/chris/Paperclip-Projects/Nexus/apps/backend/src/services/impactReportGenerator.ts">
      <metrics statements="78" coveredstatements="74" conditionals="49" coveredconditionals="34" methods="22" coveredmethods="22"/>
      <line num="21" count="1" type="stmt"/>
      <line num="22" count="1" type="stmt"/>
      <line num="23" count="1" type="stmt"/>
      <line num="34" count="8" type="stmt"/>
      <line num="35" count="8" type="stmt"/>
      <line num="38" count="7" type="stmt"/>
      <line num="40" count="6" type="cond" truecount="2" falsecount="0"/>
      <line num="41" count="4" type="stmt"/>
      <line num="42" count="4" type="cond" truecount="1" falsecount="1"/>
      <line num="46" count="6" type="stmt"/>
      <line num="47" count="6" type="cond" truecount="2" falsecount="0"/>
      <line num="48" count="5" type="stmt"/>
      <line num="49" count="5" type="stmt"/>
      <line num="50" count="7" type="stmt"/>
      <line num="65" count="7" type="stmt"/>
      <line num="66" count="5" type="stmt"/>
      <line num="67" count="31" type="stmt"/>
      <line num="68" count="5" type="stmt"/>
      <line num="69" count="6" type="cond" truecount="1" falsecount="1"/>
      <line num="70" count="6" type="stmt"/>
      <line num="71" count="6" type="cond" truecount="1" falsecount="1"/>
      <line num="72" count="6" type="stmt"/>
      <line num="85" count="13" type="stmt"/>
      <line num="86" count="13" type="stmt"/>
      <line num="87" count="13" type="stmt"/>
      <line num="88" count="13" type="stmt"/>
      <line num="90" count="13" type="stmt"/>
      <line num="91" count="6" type="cond" truecount="2" falsecount="0"/>
      <line num="92" count="7" type="cond" truecount="2" falsecount="0"/>
      <line num="94" count="7" type="stmt"/>
      <line num="95" count="7" type="stmt"/>
      <line num="100" count="13" type="stmt"/>
      <line num="105" count="7" type="stmt"/>
      <line num="108" count="13" type="stmt"/>
      <line num="109" count="13" type="stmt"/>
      <line num="110" count="13" type="stmt"/>
      <line num="140" count="7" type="stmt"/>
      <line num="141" count="44" type="stmt"/>
      <line num="142" count="7" type="stmt"/>
      <line num="144" count="7" type="stmt"/>
      <line num="145" count="3" type="cond" truecount="2" falsecount="0"/>
      <line num="146" count="1" type="stmt"/>
      <line num="149" count="2" type="stmt"/>
      <line num="150" count="2" type="stmt"/>
      <line num="157" count="3" type="stmt"/>
      <line num="158" count="2" type="stmt"/>
      <line num="159" count="2" type="cond" truecount="1" falsecount="1"/>
      <line num="160" count="1" type="cond" truecount="1" falsecount="1"/>
      <line num="161" count="1" type="cond" truecount="1" falsecount="1"/>
      <line num="166" count="0" type="cond" truecount="0" falsecount="2"/>
      <line num="170" count="6" type="stmt"/>
      <line num="174" count="13" type="stmt"/>
      <line num="175" count="13" type="stmt"/>
      <line num="176" count="13" type="stmt"/>
      <line num="178" count="6" type="cond" truecount="2" falsecount="0"/>
      <line num="180" count="5" type="stmt"/>
      <line num="181" count="5" type="cond" truecount="1" falsecount="1"/>
      <line num="182" count="5" type="cond" truecount="2" falsecount="0"/>
      <line num="183" count="1" type="cond" truecount="1" falsecount="1"/>
      <line num="184" count="0" type="stmt"/>
      <line num="196" count="6" type="stmt"/>
      <line num="197" count="6" type="stmt"/>
      <line num="198" count="8" type="stmt"/>
      <line num="200" count="6" type="cond" truecount="4" falsecount="0"/>
      <line num="201" count="2" type="stmt"/>
      <line num="209" count="6" type="cond" truecount="2" falsecount="0"/>
      <line num="210" count="5" type="stmt"/>
      <line num="218" count="6" type="cond" truecount="1" falsecount="1"/>
      <line num="219" count="0" type="stmt"/>
      <line num="227" count="6" type="cond" truecount="2" falsecount="0"/>
      <line num="228" count="1" type="stmt"/>
      <line num="236" count="6" type="stmt"/>
      <line num="240" count="1" type="stmt"/>
      <line num="248" count="1" type="stmt"/>
      <line num="249" count="1" type="stmt"/>
      <line num="255" count="1" type="stmt"/>
      <line num="256" count="1" type="cond" truecount="1" falsecount="1"/>
      <line num="258" count="0" type="stmt"/>
    </file>
  </project>
</coverage>
