{"/home/chris/Paperclip-Projects/Nexus/apps/backend/src/services/impactReportGenerator.ts": {"path":"/home/chris/Paperclip-Projects/Nexus/apps/backend/src/services/impactReportGenerator.ts","statementMap":{"0":{"start":{"line":22,"column":4},"end":{"line":22,"column":null}},"1":{"start":{"line":21,"column":30},"end":{"line":21,"column":48}},"2":{"start":{"line":23,"column":4},"end":{"line":23,"column":null}},"3":{"start":{"line":34,"column":28},"end":{"line":34,"column":null}},"4":{"start":{"line":35,"column":30},"end":{"line":35,"column":null}},"5":{"start":{"line":38,"column":32},"end":{"line":38,"column":null}},"6":{"start":{"line":40,"column":4},"end":{"line":44,"column":null}},"7":{"start":{"line":41,"column":6},"end":{"line":43,"column":null}},"8":{"start":{"line":42,"column":8},"end":{"line":42,"column":null}},"9":{"start":{"line":42,"column":47},"end":{"line":42,"column":null}},"10":{"start":{"line":46,"column":46},"end":{"line":46,"column":null}},"11":{"start":{"line":47,"column":4},"end":{"line":83,"column":null}},"12":{"start":{"line":48,"column":23},"end":{"line":48,"column":null}},"13":{"start":{"line":49,"column":6},"end":{"line":60,"column":null}},"14":{"start":{"line":50,"column":8},"end":{"line":59,"column":null}},"15":{"start":{"line":65,"column":25},"end":{"line":65,"column":null}},"16":{"start":{"line":65,"column":54},"end":{"line":65,"column":58}},"17":{"start":{"line":66,"column":12},"end":{"line":66,"column":null}},"18":{"start":{"line":67,"column":22},"end":{"line":67,"column":null}},"19":{"start":{"line":67,"column":60},"end":{"line":67,"column":69}},"20":{"start":{"line":68,"column":6},"end":{"line":82,"column":null}},"21":{"start":{"line":69,"column":8},"end":{"line":69,"column":null}},"22":{"start":{"line":69,"column":32},"end":{"line":69,"column":null}},"23":{"start":{"line":70,"column":21},"end":{"line":70,"column":null}},"24":{"start":{"line":71,"column":8},"end":{"line":71,"column":null}},"25":{"start":{"line":71,"column":19},"end":{"line":71,"column":null}},"26":{"start":{"line":72,"column":8},"end":{"line":81,"column":null}},"27":{"start":{"line":85,"column":33},"end":{"line":85,"column":null}},"28":{"start":{"line":85,"column":57},"end":{"line":85,"column":81}},"29":{"start":{"line":86,"column":29},"end":{"line":86,"column":null}},"30":{"start":{"line":86,"column":53},"end":{"line":86,"column":73}},"31":{"start":{"line":87,"column":26},"end":{"line":87,"column":null}},"32":{"start":{"line":87,"column":50},"end":{"line":87,"column":71}},"33":{"start":{"line":88,"column":25},"end":{"line":88,"column":null}},"34":{"start":{"line":88,"column":49},"end":{"line":88,"column":79}},"35":{"start":{"line":90,"column":19},"end":{"line":90,"column":null}},"36":{"start":{"line":90,"column":40},"end":{"line":90,"column":57}},"37":{"start":{"line":91,"column":26},"end":{"line":91,"column":null}},"38":{"start":{"line":92,"column":26},"end":{"line":92,"column":null}},"39":{"start":{"line":94,"column":22},"end":{"line":94,"column":null}},"40":{"start":{"line":95,"column":28},"end":{"line":103,"column":null}},"41":{"start":{"line":100,"column":45},"end":{"line":100,"column":71}},"42":{"start":{"line":105,"column":4},"end":{"line":130,"column":null}},"43":{"start":{"line":108,"column":45},"end":{"line":108,"column":71}},"44":{"start":{"line":109,"column":47},"end":{"line":109,"column":75}},"45":{"start":{"line":110,"column":49},"end":{"line":110,"column":79}},"46":{"start":{"line":140,"column":10},"end":{"line":140,"column":null}},"47":{"start":{"line":141,"column":24},"end":{"line":141,"column":null}},"48":{"start":{"line":141,"column":62},"end":{"line":141,"column":66}},"49":{"start":{"line":142,"column":21},"end":{"line":142,"column":null}},"50":{"start":{"line":144,"column":4},"end":{"line":168,"column":null}},"51":{"start":{"line":145,"column":6},"end":{"line":147,"column":null}},"52":{"start":{"line":146,"column":8},"end":{"line":146,"column":null}},"53":{"start":{"line":149,"column":6},"end":{"line":167,"column":null}},"54":{"start":{"line":150,"column":35},"end":{"line":156,"column":null}},"55":{"start":{"line":157,"column":23},"end":{"line":157,"column":null}},"56":{"start":{"line":158,"column":8},"end":{"line":163,"column":null}},"57":{"start":{"line":159,"column":10},"end":{"line":162,"column":null}},"58":{"start":{"line":160,"column":12},"end":{"line":160,"column":null}},"59":{"start":{"line":160,"column":48},"end":{"line":160,"column":null}},"60":{"start":{"line":161,"column":12},"end":{"line":161,"column":null}},"61":{"start":{"line":161,"column":48},"end":{"line":161,"column":null}},"62":{"start":{"line":166,"column":8},"end":{"line":166,"column":null}},"63":{"start":{"line":166,"column":48},"end":{"line":166,"column":null}},"64":{"start":{"line":170,"column":4},"end":{"line":170,"column":null}},"65":{"start":{"line":174,"column":19},"end":{"line":174,"column":null}},"66":{"start":{"line":174,"column":43},"end":{"line":174,"column":69}},"67":{"start":{"line":175,"column":21},"end":{"line":175,"column":null}},"68":{"start":{"line":175,"column":45},"end":{"line":175,"column":73}},"69":{"start":{"line":176,"column":23},"end":{"line":176,"column":null}},"70":{"start":{"line":176,"column":47},"end":{"line":176,"column":77}},"71":{"start":{"line":178,"column":4},"end":{"line":178,"column":null}},"72":{"start":{"line":178,"column":32},"end":{"line":178,"column":null}},"73":{"start":{"line":180,"column":18},"end":{"line":180,"column":null}},"74":{"start":{"line":181,"column":4},"end":{"line":181,"column":null}},"75":{"start":{"line":181,"column":21},"end":{"line":181,"column":null}},"76":{"start":{"line":182,"column":4},"end":{"line":182,"column":null}},"77":{"start":{"line":182,"column":20},"end":{"line":182,"column":null}},"78":{"start":{"line":183,"column":4},"end":{"line":183,"column":null}},"79":{"start":{"line":183,"column":20},"end":{"line":183,"column":null}},"80":{"start":{"line":184,"column":4},"end":{"line":184,"column":null}},"81":{"start":{"line":196,"column":58},"end":{"line":196,"column":null}},"82":{"start":{"line":197,"column":12},"end":{"line":197,"column":null}},"83":{"start":{"line":198,"column":15},"end":{"line":198,"column":null}},"84":{"start":{"line":198,"column":21},"end":{"line":198,"column":null}},"85":{"start":{"line":200,"column":4},"end":{"line":207,"column":null}},"86":{"start":{"line":201,"column":6},"end":{"line":206,"column":null}},"87":{"start":{"line":209,"column":4},"end":{"line":216,"column":null}},"88":{"start":{"line":210,"column":6},"end":{"line":215,"column":null}},"89":{"start":{"line":218,"column":4},"end":{"line":225,"column":null}},"90":{"start":{"line":219,"column":6},"end":{"line":224,"column":null}},"91":{"start":{"line":227,"column":4},"end":{"line":234,"column":null}},"92":{"start":{"line":228,"column":6},"end":{"line":233,"column":null}},"93":{"start":{"line":236,"column":4},"end":{"line":236,"column":null}},"94":{"start":{"line":240,"column":37},"end":{"line":240,"column":null}},"95":{"start":{"line":248,"column":2},"end":{"line":259,"column":null}},"96":{"start":{"line":249,"column":10},"end":{"line":254,"column":null}},"97":{"start":{"line":255,"column":19},"end":{"line":255,"column":null}},"98":{"start":{"line":256,"column":4},"end":{"line":256,"column":null}},"99":{"start":{"line":258,"column":4},"end":{"line":258,"column":null}}},"fnMap":{"0":{"name":"constructor","decl":{"start":{"line":21,"column":2},"end":{"line":21,"column":30}},"loc":{"start":{"line":21,"column":48},"end":{"line":24,"column":null}},"line":21},"1":{"name":"generate","decl":{"start":{"line":37,"column":8},"end":{"line":37,"column":17}},"loc":{"start":{"line":37,"column":66},"end":{"line":131,"column":null}},"line":37},"2":{"name":"(anonymous_2)","decl":{"start":{"line":65,"column":47},"end":{"line":65,"column":48}},"loc":{"start":{"line":65,"column":54},"end":{"line":65,"column":58}},"line":65},"3":{"name":"(anonymous_3)","decl":{"start":{"line":67,"column":53},"end":{"line":67,"column":54}},"loc":{"start":{"line":67,"column":60},"end":{"line":67,"column":69}},"line":67},"4":{"name":"(anonymous_4)","decl":{"start":{"line":85,"column":50},"end":{"line":85,"column":51}},"loc":{"start":{"line":85,"column":57},"end":{"line":85,"column":81}},"line":85},"5":{"name":"(anonymous_5)","decl":{"start":{"line":86,"column":46},"end":{"line":86,"column":47}},"loc":{"start":{"line":86,"column":53},"end":{"line":86,"column":73}},"line":86},"6":{"name":"(anonymous_6)","decl":{"start":{"line":87,"column":43},"end":{"line":87,"column":44}},"loc":{"start":{"line":87,"column":50},"end":{"line":87,"column":71}},"line":87},"7":{"name":"(anonymous_7)","decl":{"start":{"line":88,"column":42},"end":{"line":88,"column":43}},"loc":{"start":{"line":88,"column":49},"end":{"line":88,"column":79}},"line":88},"8":{"name":"(anonymous_8)","decl":{"start":{"line":90,"column":33},"end":{"line":90,"column":34}},"loc":{"start":{"line":90,"column":40},"end":{"line":90,"column":57}},"line":90},"9":{"name":"(anonymous_9)","decl":{"start":{"line":100,"column":38},"end":{"line":100,"column":39}},"loc":{"start":{"line":100,"column":45},"end":{"line":100,"column":71}},"line":100},"10":{"name":"(anonymous_10)","decl":{"start":{"line":108,"column":38},"end":{"line":108,"column":39}},"loc":{"start":{"line":108,"column":45},"end":{"line":108,"column":71}},"line":108},"11":{"name":"(anonymous_11)","decl":{"start":{"line":109,"column":40},"end":{"line":109,"column":41}},"loc":{"start":{"line":109,"column":47},"end":{"line":109,"column":75}},"line":109},"12":{"name":"(anonymous_12)","decl":{"start":{"line":110,"column":42},"end":{"line":110,"column":43}},"loc":{"start":{"line":110,"column":49},"end":{"line":110,"column":79}},"line":110},"13":{"name":"resolveArtifactIds","decl":{"start":{"line":139,"column":16},"end":{"line":139,"column":35}},"loc":{"start":{"line":139,"column":77},"end":{"line":171,"column":null}},"line":139},"14":{"name":"(anonymous_14)","decl":{"start":{"line":141,"column":55},"end":{"line":141,"column":56}},"loc":{"start":{"line":141,"column":62},"end":{"line":141,"column":66}},"line":141},"15":{"name":"computeRiskLevel","decl":{"start":{"line":173,"column":10},"end":{"line":173,"column":27}},"loc":{"start":{"line":173,"column":73},"end":{"line":185,"column":null}},"line":173},"16":{"name":"(anonymous_16)","decl":{"start":{"line":174,"column":36},"end":{"line":174,"column":37}},"loc":{"start":{"line":174,"column":43},"end":{"line":174,"column":69}},"line":174},"17":{"name":"(anonymous_17)","decl":{"start":{"line":175,"column":38},"end":{"line":175,"column":39}},"loc":{"start":{"line":175,"column":45},"end":{"line":175,"column":73}},"line":175},"18":{"name":"(anonymous_18)","decl":{"start":{"line":176,"column":40},"end":{"line":176,"column":41}},"loc":{"start":{"line":176,"column":47},"end":{"line":176,"column":77}},"line":176},"19":{"name":"buildRecommendations","decl":{"start":{"line":187,"column":10},"end":{"line":187,"column":null}},"loc":{"start":{"line":195,"column":34},"end":{"line":237,"column":null}},"line":195},"20":{"name":"(anonymous_20)","decl":{"start":{"line":198,"column":15},"end":{"line":198,"column":21}},"loc":{"start":{"line":198,"column":21},"end":{"line":198,"column":null}},"line":198},"21":{"name":"countCommits","decl":{"start":{"line":247,"column":16},"end":{"line":247,"column":29}},"loc":{"start":{"line":247,"column":67},"end":{"line":260,"column":null}},"line":247}},"branchMap":{"0":{"loc":{"start":{"line":40,"column":4},"end":{"line":44,"column":null}},"type":"if","locations":[{"start":{"line":40,"column":4},"end":{"line":44,"column":null}},{"start":{},"end":{}}],"line":40},"1":{"loc":{"start":{"line":42,"column":8},"end":{"line":42,"column":null}},"type":"if","locations":[{"start":{"line":42,"column":8},"end":{"line":42,"column":null}},{"start":{},"end":{}}],"line":42},"2":{"loc":{"start":{"line":47,"column":4},"end":{"line":83,"column":null}},"type":"if","locations":[{"start":{"line":47,"column":4},"end":{"line":83,"column":null}},{"start":{},"end":{}}],"line":47},"3":{"loc":{"start":{"line":69,"column":8},"end":{"line":69,"column":null}},"type":"if","locations":[{"start":{"line":69,"column":8},"end":{"line":69,"column":null}},{"start":{},"end":{}}],"line":69},"4":{"loc":{"start":{"line":71,"column":8},"end":{"line":71,"column":null}},"type":"if","locations":[{"start":{"line":71,"column":8},"end":{"line":71,"column":null}},{"start":{},"end":{}}],"line":71},"5":{"loc":{"start":{"line":75,"column":17},"end":{"line":75,"column":null}},"type":"binary-expr","locations":[{"start":{"line":75,"column":17},"end":{"line":75,"column":31}},{"start":{"line":75,"column":31},"end":{"line":75,"column":44}},{"start":{"line":75,"column":44},"end":{"line":75,"column":null}}],"line":75},"6":{"loc":{"start":{"line":91,"column":26},"end":{"line":91,"column":null}},"type":"cond-expr","locations":[{"start":{"line":91,"column":42},"end":{"line":91,"column":64}},{"start":{"line":91,"column":64},"end":{"line":91,"column":null}}],"line":91},"7":{"loc":{"start":{"line":92,"column":26},"end":{"line":92,"column":null}},"type":"cond-expr","locations":[{"start":{"line":92,"column":42},"end":{"line":92,"column":64}},{"start":{"line":92,"column":64},"end":{"line":92,"column":null}}],"line":92},"8":{"loc":{"start":{"line":145,"column":6},"end":{"line":147,"column":null}},"type":"if","locations":[{"start":{"line":145,"column":6},"end":{"line":147,"column":null}},{"start":{},"end":{}}],"line":145},"9":{"loc":{"start":{"line":152,"column":24},"end":{"line":152,"column":null}},"type":"binary-expr","locations":[{"start":{"line":152,"column":24},"end":{"line":152,"column":62}},{"start":{"line":152,"column":62},"end":{"line":152,"column":null}}],"line":152},"10":{"loc":{"start":{"line":159,"column":29},"end":{"line":159,"column":51}},"type":"binary-expr","locations":[{"start":{"line":159,"column":29},"end":{"line":159,"column":47}},{"start":{"line":159,"column":47},"end":{"line":159,"column":51}}],"line":159},"11":{"loc":{"start":{"line":160,"column":12},"end":{"line":160,"column":null}},"type":"if","locations":[{"start":{"line":160,"column":12},"end":{"line":160,"column":null}},{"start":{},"end":{}}],"line":160},"12":{"loc":{"start":{"line":161,"column":12},"end":{"line":161,"column":null}},"type":"if","locations":[{"start":{"line":161,"column":12},"end":{"line":161,"column":null}},{"start":{},"end":{}}],"line":161},"13":{"loc":{"start":{"line":166,"column":8},"end":{"line":166,"column":null}},"type":"if","locations":[{"start":{"line":166,"column":8},"end":{"line":166,"column":null}},{"start":{},"end":{}}],"line":166},"14":{"loc":{"start":{"line":178,"column":4},"end":{"line":178,"column":null}},"type":"if","locations":[{"start":{"line":178,"column":4},"end":{"line":178,"column":null}},{"start":{},"end":{}}],"line":178},"15":{"loc":{"start":{"line":181,"column":4},"end":{"line":181,"column":null}},"type":"if","locations":[{"start":{"line":181,"column":4},"end":{"line":181,"column":null}},{"start":{},"end":{}}],"line":181},"16":{"loc":{"start":{"line":182,"column":4},"end":{"line":182,"column":null}},"type":"if","locations":[{"start":{"line":182,"column":4},"end":{"line":182,"column":null}},{"start":{},"end":{}}],"line":182},"17":{"loc":{"start":{"line":183,"column":4},"end":{"line":183,"column":null}},"type":"if","locations":[{"start":{"line":183,"column":4},"end":{"line":183,"column":null}},{"start":{},"end":{}}],"line":183},"18":{"loc":{"start":{"line":200,"column":4},"end":{"line":207,"column":null}},"type":"if","locations":[{"start":{"line":200,"column":4},"end":{"line":207,"column":null}},{"start":{},"end":{}}],"line":200},"19":{"loc":{"start":{"line":200,"column":8},"end":{"line":200,"column":79}},"type":"binary-expr","locations":[{"start":{"line":200,"column":8},"end":{"line":200,"column":47}},{"start":{"line":200,"column":47},"end":{"line":200,"column":79}}],"line":200},"20":{"loc":{"start":{"line":209,"column":4},"end":{"line":216,"column":null}},"type":"if","locations":[{"start":{"line":209,"column":4},"end":{"line":216,"column":null}},{"start":{},"end":{}}],"line":209},"21":{"loc":{"start":{"line":218,"column":4},"end":{"line":225,"column":null}},"type":"if","locations":[{"start":{"line":218,"column":4},"end":{"line":225,"column":null}},{"start":{},"end":{}}],"line":218},"22":{"loc":{"start":{"line":227,"column":4},"end":{"line":234,"column":null}},"type":"if","locations":[{"start":{"line":227,"column":4},"end":{"line":234,"column":null}},{"start":{},"end":{}}],"line":227},"23":{"loc":{"start":{"line":256,"column":11},"end":{"line":256,"column":null}},"type":"cond-expr","locations":[{"start":{"line":256,"column":37},"end":{"line":256,"column":46}},{"start":{"line":256,"column":46},"end":{"line":256,"column":null}}],"line":256}},"s":{"0":1,"1":1,"2":1,"3":8,"4":8,"5":7,"6":6,"7":4,"8":4,"9":4,"10":6,"11":6,"12":5,"13":5,"14":7,"15":5,"16":7,"17":5,"18":5,"19":31,"20":5,"21":6,"22":0,"23":6,"24":6,"25":0,"26":6,"27":6,"28":13,"29":6,"30":13,"31":6,"32":13,"33":6,"34":13,"35":6,"36":13,"37":6,"38":7,"39":7,"40":7,"41":13,"42":7,"43":13,"44":13,"45":13,"46":7,"47":7,"48":44,"49":7,"50":7,"51":3,"52":1,"53":2,"54":2,"55":3,"56":2,"57":2,"58":1,"59":1,"60":1,"61":1,"62":0,"63":0,"64":6,"65":6,"66":13,"67":6,"68":13,"69":6,"70":13,"71":6,"72":1,"73":5,"74":5,"75":0,"76":5,"77":4,"78":1,"79":1,"80":0,"81":6,"82":6,"83":6,"84":8,"85":6,"86":2,"87":6,"88":5,"89":6,"90":0,"91":6,"92":1,"93":6,"94":1,"95":1,"96":1,"97":1,"98":1,"99":0},"f":{"0":1,"1":7,"2":7,"3":31,"4":13,"5":13,"6":13,"7":13,"8":13,"9":13,"10":13,"11":13,"12":13,"13":7,"14":44,"15":6,"16":13,"17":13,"18":13,"19":6,"20":8,"21":1},"b":{"0":[4,2],"1":[4,0],"2":[5,1],"3":[0,6],"4":[0,6],"5":[6,0,0],"6":[5,1],"7":[5,1],"8":[1,2],"9":[2,0],"10":[2,0],"11":[1,0],"12":[1,0],"13":[0,0],"14":[1,5],"15":[0,5],"16":[4,1],"17":[1,0],"18":[2,4],"19":[6,5],"20":[5,1],"21":[0,6],"22":[1,5],"23":[1,0]},"meta":{"lastBranch":24,"lastFunction":22,"lastStatement":100,"seen":{"f:21:2:21:30":0,"s:22:4:22:Infinity":0,"s:21:30:21:48":1,"s:23:4:23:Infinity":2,"s:34:28:34:Infinity":3,"s:35:30:35:Infinity":4,"f:37:8:37:17":1,"s:38:32:38:Infinity":5,"b:40:4:44:Infinity:undefined:undefined:undefined:undefined":0,"s:40:4:44:Infinity":6,"s:41:6:43:Infinity":7,"b:42:8:42:Infinity:undefined:undefined:undefined:undefined":1,"s:42:8:42:Infinity":8,"s:42:47:42:Infinity":9,"s:46:46:46:Infinity":10,"b:47:4:83:Infinity:undefined:undefined:undefined:undefined":2,"s:47:4:83:Infinity":11,"s:48:23:48:Infinity":12,"s:49:6:60:Infinity":13,"s:50:8:59:Infinity":14,"s:65:25:65:Infinity":15,"f:65:47:65:48":2,"s:65:54:65:58":16,"s:66:12:66:Infinity":17,"s:67:22:67:Infinity":18,"f:67:53:67:54":3,"s:67:60:67:69":19,"s:68:6:82:Infinity":20,"b:69:8:69:Infinity:undefined:undefined:undefined:undefined":3,"s:69:8:69:Infinity":21,"s:69:32:69:Infinity":22,"s:70:21:70:Infinity":23,"b:71:8:71:Infinity:undefined:undefined:undefined:undefined":4,"s:71:8:71:Infinity":24,"s:71:19:71:Infinity":25,"s:72:8:81:Infinity":26,"b:75:17:75:31:75:31:75:44:75:44:75:Infinity":5,"s:85:33:85:Infinity":27,"f:85:50:85:51":4,"s:85:57:85:81":28,"s:86:29:86:Infinity":29,"f:86:46:86:47":5,"s:86:53:86:73":30,"s:87:26:87:Infinity":31,"f:87:43:87:44":6,"s:87:50:87:71":32,"s:88:25:88:Infinity":33,"f:88:42:88:43":7,"s:88:49:88:79":34,"s:90:19:90:Infinity":35,"f:90:33:90:34":8,"s:90:40:90:57":36,"s:91:26:91:Infinity":37,"b:91:42:91:64:91:64:91:Infinity":6,"s:92:26:92:Infinity":38,"b:92:42:92:64:92:64:92:Infinity":7,"s:94:22:94:Infinity":39,"s:95:28:103:Infinity":40,"f:100:38:100:39":9,"s:100:45:100:71":41,"s:105:4:130:Infinity":42,"f:108:38:108:39":10,"s:108:45:108:71":43,"f:109:40:109:41":11,"s:109:47:109:75":44,"f:110:42:110:43":12,"s:110:49:110:79":45,"f:139:16:139:35":13,"s:140:10:140:Infinity":46,"s:141:24:141:Infinity":47,"f:141:55:141:56":14,"s:141:62:141:66":48,"s:142:21:142:Infinity":49,"s:144:4:168:Infinity":50,"b:145:6:147:Infinity:undefined:undefined:undefined:undefined":8,"s:145:6:147:Infinity":51,"s:146:8:146:Infinity":52,"s:149:6:167:Infinity":53,"s:150:35:156:Infinity":54,"b:152:24:152:62:152:62:152:Infinity":9,"s:157:23:157:Infinity":55,"s:158:8:163:Infinity":56,"s:159:10:162:Infinity":57,"b:159:29:159:47:159:47:159:51":10,"b:160:12:160:Infinity:undefined:undefined:undefined:undefined":11,"s:160:12:160:Infinity":58,"s:160:48:160:Infinity":59,"b:161:12:161:Infinity:undefined:undefined:undefined:undefined":12,"s:161:12:161:Infinity":60,"s:161:48:161:Infinity":61,"b:166:8:166:Infinity:undefined:undefined:undefined:undefined":13,"s:166:8:166:Infinity":62,"s:166:48:166:Infinity":63,"s:170:4:170:Infinity":64,"f:173:10:173:27":15,"s:174:19:174:Infinity":65,"f:174:36:174:37":16,"s:174:43:174:69":66,"s:175:21:175:Infinity":67,"f:175:38:175:39":17,"s:175:45:175:73":68,"s:176:23:176:Infinity":69,"f:176:40:176:41":18,"s:176:47:176:77":70,"b:178:4:178:Infinity:undefined:undefined:undefined:undefined":14,"s:178:4:178:Infinity":71,"s:178:32:178:Infinity":72,"s:180:18:180:Infinity":73,"b:181:4:181:Infinity:undefined:undefined:undefined:undefined":15,"s:181:4:181:Infinity":74,"s:181:21:181:Infinity":75,"b:182:4:182:Infinity:undefined:undefined:undefined:undefined":16,"s:182:4:182:Infinity":76,"s:182:20:182:Infinity":77,"b:183:4:183:Infinity:undefined:undefined:undefined:undefined":17,"s:183:4:183:Infinity":78,"s:183:20:183:Infinity":79,"s:184:4:184:Infinity":80,"f:187:10:187:Infinity":19,"s:196:58:196:Infinity":81,"s:197:12:197:Infinity":82,"s:198:15:198:Infinity":83,"f:198:15:198:21":20,"s:198:21:198:Infinity":84,"b:200:4:207:Infinity:undefined:undefined:undefined:undefined":18,"s:200:4:207:Infinity":85,"b:200:8:200:47:200:47:200:79":19,"s:201:6:206:Infinity":86,"b:209:4:216:Infinity:undefined:undefined:undefined:undefined":20,"s:209:4:216:Infinity":87,"s:210:6:215:Infinity":88,"b:218:4:225:Infinity:undefined:undefined:undefined:undefined":21,"s:218:4:225:Infinity":89,"s:219:6:224:Infinity":90,"b:227:4:234:Infinity:undefined:undefined:undefined:undefined":22,"s:227:4:234:Infinity":91,"s:228:6:233:Infinity":92,"s:236:4:236:Infinity":93,"s:240:37:240:Infinity":94,"f:247:16:247:29":21,"s:248:2:259:Infinity":95,"s:249:10:254:Infinity":96,"s:255:19:255:Infinity":97,"s:256:4:256:Infinity":98,"b:256:37:256:46:256:46:256:Infinity":23,"s:258:4:258:Infinity":99},"fnNames":{}}}
}
